<?xml version="1.0" encoding="UTF-8"?>
<!-- Generated by org.testng.reporters.JUnitReportReporter -->
<testsuite hostname="LAPTOP-OMN3A2MR" failures="0" tests="5" name="testscript1.AdminTest" time="44.700" errors="0" timestamp="2025-08-01T12:55:42 IST" skipped="1">
  <testcase classname="testscript1.AdminTest" name="verifyAlertIsDisplayedAfterUpdate" time="7.812"/>
  <testcase classname="testscript1.AdminTest" name="verifyUserIsAbleToLoginWithValidCredentials" time="16.151">
    <skipped/>
  </testcase> <!-- verifyUserIsAbleToLoginWithValidCredentials -->
  <testcase classname="testscript1.AdminTest" name="validateUpdateButtonIsEnabled" time="7.925"/>
  <testcase classname="testscript1.AdminTest" name="verifyUserIsAbleToLoginWithValidCredentials" time="6.262"/>
  <testcase classname="testscript1.AdminTest" name="verifyAdminCanUpdateField" time="6.550"/>
</testsuite> <!-- testscript1.AdminTest -->
