<?xml version="1.0" encoding="UTF-8"?>
<!-- Generated by org.testng.reporters.JUnitReportReporter -->
<testsuite hostname="LAPTOP-OMN3A2MR" failures="0" tests="1" name="testscript1.HomeTest" time="7.504" errors="0" timestamp="2025-08-04T20:36:13 IST" skipped="0">
  <testcase classname="testscript1.HomeTest" name="verifyUserIsAbleToLogoutWithSuccessfully" time="7.504"/>
</testsuite> <!-- testscript1.HomeTest -->
