<?xml version="1.0" encoding="UTF-8"?>
<!-- Generated by org.testng.reporters.JUnitReportReporter -->
<testsuite hostname="LAPTOP-OMN3A2MR" failures="0" tests="4" name="testscript1.AdminTest" time="36.945" errors="0" timestamp="2025-08-05T15:21:33 IST" skipped="0">
  <testcase classname="testscript1.AdminTest" name="verifyAlertIsDisplayedAfterUpdate" time="10.303"/>
  <testcase classname="testscript1.AdminTest" name="verifyUserIsAbleToLoginWithValidCredentials" time="6.798"/>
  <testcase classname="testscript1.AdminTest" name="validateUpdateButtonIsEnabled" time="11.203"/>
  <testcase classname="testscript1.AdminTest" name="verifyAdminCanUpdateField" time="8.641"/>
</testsuite> <!-- testscript1.AdminTest -->
