<?xml version="1.0" encoding="UTF-8"?>
<!-- Generated by org.testng.reporters.JUnitReportReporter -->
<testsuite hostname="LAPTOP-OMN3A2MR" failures="0" tests="2" name="testscript1.ManageFooterTest" time="12.548" errors="0" timestamp="2025-08-01T12:55:42 IST" skipped="0">
  <testcase classname="testscript1.ManageFooterTest" name="validateUpdateButtonIsDisplayed" time="6.214"/>
  <testcase classname="testscript1.ManageFooterTest" name="validateUserCanUpdateFooterInfo" time="6.334"/>
</testsuite> <!-- testscript1.ManageFooterTest -->
