<?xml version="1.0" encoding="UTF-8"?>
<!-- Generated by org.testng.reporters.JUnitReportReporter -->
<testsuite hostname="LAPTOP-OMN3A2MR" failures="0" tests="1" name="testscript1.MnageNewsTest" time="6.239" errors="0" timestamp="2025-08-01T12:55:42 IST" skipped="0">
  <testcase classname="testscript1.MnageNewsTest" name="verifyUserIsabletoAddNews" time="6.239"/>
</testsuite> <!-- testscript1.MnageNewsTest -->
