<?xml version="1.0" encoding="UTF-8"?>
<!-- Generated by org.testng.reporters.JUnitReportReporter -->
<testsuite hostname="LAPTOP-OMN3A2MR" failures="0" tests="4" name="testscript1.LoginTest" time="24.485" errors="0" timestamp="2025-08-05T15:21:33 IST" skipped="0">
  <testcase classname="testscript1.LoginTest" name="verifyUserIsAbleToLoginwithInvalidUsernameAndPassword" time="7.957"/>
  <testcase classname="testscript1.LoginTest" name="verifyUserIsAbleToLoginwithInvalidPassword" time="5.637"/>
  <testcase classname="testscript1.LoginTest" name="verifyUserIsAbleToLoginwithInvalidUsername" time="5.248"/>
  <testcase classname="testscript1.LoginTest" name="verifyUserIsAbleToLoginWithValidCredentials" time="5.643"/>
</testsuite> <!-- testscript1.LoginTest -->
