<?xml version="1.0" encoding="UTF-8"?>
<!-- Generated by org.testng.reporters.JUnitReportReporter -->
<testsuite hostname="LAPTOP-OMN3A2MR" failures="0" tests="1" name="testscript1.MnageNewsTest" time="7.102" errors="0" timestamp="2025-08-05T15:21:33 IST" skipped="0">
  <testcase classname="testscript1.MnageNewsTest" name="verifyUserIsabletoAddNews" time="7.102"/>
</testsuite> <!-- testscript1.MnageNewsTest -->
