<?xml version="1.0" encoding="UTF-8"?>
<!-- Generated by org.testng.reporters.JUnitReportReporter -->
<testsuite hostname="LAPTOP-OMN3A2MR" failures="0" tests="4" name="testscript1.LoginTest" time="21.397" errors="0" timestamp="2025-08-01T12:55:42 IST" skipped="0">
  <testcase classname="testscript1.LoginTest" name="verifyUserIsAbleToLoginwithInvalidUsername" time="5.007"/>
  <testcase classname="testscript1.LoginTest" name="verifyUserIsAbleToLoginwithInvalidUsernameAndPassword" time="5.754"/>
  <testcase classname="testscript1.LoginTest" name="verifyUserIsAbleToLoginwithInvalidPassword" time="5.032"/>
  <testcase classname="testscript1.LoginTest" name="verifyUserIsAbleToLoginWithValidCredentials" time="5.604"/>
</testsuite> <!-- testscript1.LoginTest -->
