<?xml version="1.0" encoding="UTF-8"?>
<!-- Generated by org.testng.reporters.JUnitReportReporter -->
<testsuite hostname="LAPTOP-OMN3A2MR" failures="0" tests="1" name="testscript1.ManageCategoryTest" time="6.577" errors="0" timestamp="2025-08-01T12:55:42 IST" skipped="0">
  <testcase classname="testscript1.ManageCategoryTest" name="verifyUserIsAbleToLoginWithValidCredentials" time="6.577"/>
</testsuite> <!-- testscript1.ManageCategoryTest -->
