<?xml version="1.0" encoding="UTF-8"?>
<!-- Generated by org.testng.reporters.JUnitReportReporter -->
<testsuite hostname="LAPTOP-OMN3A2MR" failures="0" tests="2" name="testscript1.ManageFooterTest" time="13.906" errors="0" timestamp="2025-08-05T15:21:33 IST" skipped="0">
  <testcase classname="testscript1.ManageFooterTest" name="validateUpdateButtonIsDisplayed" time="6.614"/>
  <testcase classname="testscript1.ManageFooterTest" name="validateUserCanUpdateFooterInfo" time="7.292"/>
</testsuite> <!-- testscript1.ManageFooterTest -->
