<?xml version="1.0" encoding="UTF-8"?>
<!-- Generated by org.testng.reporters.JUnitReportReporter -->
<testsuite hostname="LAPTOP-OMN3A2MR" failures="0" tests="1" name="testscript1.ManageContactTest" time="7.466" errors="0" timestamp="2025-08-05T15:21:33 IST" skipped="0">
  <testcase classname="testscript1.ManageContactTest" name="validateAdminIsAbleToUpdateManageContact" time="7.466"/>
</testsuite> <!-- testscript1.ManageContactTest -->
