<?xml version="1.0" encoding="UTF-8"?>
<!-- Generated by org.testng.reporters.JUnitReportReporter -->
<testsuite hostname="LAPTOP-OMN3A2MR" failures="0" tests="1" name="testscript1.LogoutTest" time="6.339" errors="0" timestamp="2025-08-01T00:31:23 IST" skipped="0">
  <testcase classname="testscript1.LogoutTest" name="verifyUserIsAbleToLogoutWithSuccessfully" time="6.339"/>
</testsuite> <!-- testscript1.LogoutTest -->
