<?xml version="1.0" encoding="UTF-8"?>
<!-- Generated by org.testng.reporters.JUnitReportReporter -->
<testsuite hostname="LAPTOP-OMN3A2MR" failures="0" tests="2" name="testscript1.ManageFooterTest" time="13.762" errors="0" timestamp="2025-08-01T00:31:23 IST" skipped="0">
  <testcase classname="testscript1.ManageFooterTest" name="validateUserCanUpdateFooterInfo" time="7.117"/>
  <testcase classname="testscript1.ManageFooterTest" name="validateUpdateButtonIsDisplayed" time="6.645"/>
</testsuite> <!-- testscript1.ManageFooterTest -->
